2024-04-04 16:57:42,856 - mmdet - INFO - Environment info:
------------------------------------------------------------
sys.platform: linux
Python: 3.8.0 (default, Dec  9 2021, 17:53:27) [GCC 8.4.0]
CUDA available: True
GPU 0,1,2,3: NVIDIA GeForce RTX 3090
CUDA_HOME: /usr/local/cuda
NVCC: Cuda compilation tools, release 11.1, V11.1.105
GCC: x86_64-linux-gnu-gcc (Ubuntu 7.5.0-3ubuntu1~18.04) 7.5.0
PyTorch: 1.10.0+cu111
PyTorch compiling details: PyTorch built with:
  - GCC 7.3
  - C++ Version: 201402
  - Intel(R) Math Kernel Library Version 2020.0.0 Product Build 20191122 for Intel(R) 64 architecture applications
  - Intel(R) MKL-DNN v2.2.3 (Git Hash 7336ca9f055cf1bfa13efb658fe15dc9b41f0740)
  - OpenMP 201511 (a.k.a. OpenMP 4.5)
  - LAPACK is enabled (usually provided by MKL)
  - NNPACK is enabled
  - CPU capability usage: AVX512
  - CUDA Runtime 11.1
  - NVCC architecture flags: -gencode;arch=compute_37,code=sm_37;-gencode;arch=compute_50,code=sm_50;-gencode;arch=compute_60,code=sm_60;-gencode;arch=compute_70,code=sm_70;-gencode;arch=compute_75,code=sm_75;-gencode;arch=compute_80,code=sm_80;-gencode;arch=compute_86,code=sm_86
  - CuDNN 8.0.5
  - Magma 2.5.2
  - Build settings: BLAS_INFO=mkl, BUILD_TYPE=Release, CUDA_VERSION=11.1, CUDNN_VERSION=8.0.5, CXX_COMPILER=/opt/rh/devtoolset-7/root/usr/bin/c++, CXX_FLAGS= -Wno-deprecated -fvisibility-inlines-hidden -DUSE_PTHREADPOOL -fopenmp -DNDEBUG -DUSE_KINETO -DUSE_FBGEMM -DUSE_QNNPACK -DUSE_PYTORCH_QNNPACK -DUSE_XNNPACK -DSYMBOLICATE_MOBILE_DEBUG_HANDLE -DEDGE_PROFILER_USE_KINETO -O2 -fPIC -Wno-narrowing -Wall -Wextra -Werror=return-type -Wno-missing-field-initializers -Wno-type-limits -Wno-array-bounds -Wno-unknown-pragmas -Wno-sign-compare -Wno-unused-parameter -Wno-unused-variable -Wno-unused-function -Wno-unused-result -Wno-unused-local-typedefs -Wno-strict-overflow -Wno-strict-aliasing -Wno-error=deprecated-declarations -Wno-stringop-overflow -Wno-psabi -Wno-error=pedantic -Wno-error=redundant-decls -Wno-error=old-style-cast -fdiagnostics-color=always -faligned-new -Wno-unused-but-set-variable -Wno-maybe-uninitialized -fno-math-errno -fno-trapping-math -Werror=format -Wno-stringop-overflow, LAPACK_INFO=mkl, PERF_WITH_AVX=1, PERF_WITH_AVX2=1, PERF_WITH_AVX512=1, TORCH_VERSION=1.10.0, USE_CUDA=ON, USE_CUDNN=ON, USE_EXCEPTION_PTR=1, USE_GFLAGS=OFF, USE_GLOG=OFF, USE_MKL=ON, USE_MKLDNN=ON, USE_MPI=OFF, USE_NCCL=ON, USE_NNPACK=ON, USE_OPENMP=ON, 

TorchVision: 0.11.0+cu111
OpenCV: 4.7.0
MMCV: 1.5.3
MMCV Compiler: GCC 7.5
MMCV CUDA Compiler: 11.1
MMDetection: 2.25.1
MMSegmentation: 0.25.0
MMDetection3D: 1.0.0rc4+
spconv2.0: False
------------------------------------------------------------

2024-04-04 16:57:44,527 - mmdet - INFO - Distributed training: True
2024-04-04 16:57:46,202 - mmdet - INFO - Config:
point_cloud_range = [-40.0, -40.0, -1.0, 40.0, 40.0, 5.4]
class_names = [
    'car', 'truck', 'construction_vehicle', 'bus', 'trailer', 'barrier',
    'motorcycle', 'bicycle', 'pedestrian', 'traffic_cone'
]
dataset_type = 'NuScenesDatasetOccpancy'
data_root = 'data/nuscenes/'
input_modality = dict(
    use_lidar=False,
    use_camera=True,
    use_radar=False,
    use_map=False,
    use_external=False)
file_client_args = dict(backend='disk')
train_pipeline = [
    dict(
        type='PrepareImageInputs',
        is_train=True,
        data_config=dict(
            cams=[
                'CAM_FRONT_LEFT', 'CAM_FRONT', 'CAM_FRONT_RIGHT',
                'CAM_BACK_LEFT', 'CAM_BACK', 'CAM_BACK_RIGHT'
            ],
            Ncams=6,
            input_size=(256, 704),
            src_size=(900, 1600),
            resize=(-0.06, 0.11),
            rot=(-5.4, 5.4),
            flip=True,
            crop_h=(0.0, 0.0),
            resize_test=0.0),
        sequential=True),
    dict(
        type='LoadAnnotationsBEVDepth',
        bda_aug_conf=dict(
            rot_lim=(-0.0, 0.0),
            scale_lim=(1.0, 1.0),
            flip_dx_ratio=0.5,
            flip_dy_ratio=0.5),
        classes=[
            'car', 'truck', 'construction_vehicle', 'bus', 'trailer',
            'barrier', 'motorcycle', 'bicycle', 'pedestrian', 'traffic_cone'
        ],
        is_train=True),
    dict(type='LoadOccGTFromFile', ignore_nonvisible=True),
    dict(
        type='LoadPointsFromFile',
        coord_type='LIDAR',
        load_dim=5,
        use_dim=5,
        file_client_args=dict(backend='disk')),
    dict(
        type='PointToMultiViewDepth',
        downsample=1,
        grid_config=dict(
            x=[-40, 40, 0.4],
            y=[-40, 40, 0.4],
            z=[-1, 5.4, 0.4],
            depth=[1.0, 45.0, 0.5])),
    dict(
        type='DefaultFormatBundle3D',
        class_names=[
            'car', 'truck', 'construction_vehicle', 'bus', 'trailer',
            'barrier', 'motorcycle', 'bicycle', 'pedestrian', 'traffic_cone'
        ]),
    dict(
        type='Collect3D',
        keys=[
            'img_inputs', 'gt_depth', 'voxel_semantics', 'mask_lidar',
            'mask_camera'
        ])
]
test_pipeline = [
    dict(
        type='PrepareImageInputs',
        data_config=dict(
            cams=[
                'CAM_FRONT_LEFT', 'CAM_FRONT', 'CAM_FRONT_RIGHT',
                'CAM_BACK_LEFT', 'CAM_BACK', 'CAM_BACK_RIGHT'
            ],
            Ncams=6,
            input_size=(256, 704),
            src_size=(900, 1600),
            resize=(-0.06, 0.11),
            rot=(-5.4, 5.4),
            flip=True,
            crop_h=(0.0, 0.0),
            resize_test=0.0),
        sequential=False),
    dict(
        type='LoadAnnotationsBEVDepth',
        bda_aug_conf=dict(
            rot_lim=(-0.0, 0.0),
            scale_lim=(1.0, 1.0),
            flip_dx_ratio=0.5,
            flip_dy_ratio=0.5),
        classes=[
            'car', 'truck', 'construction_vehicle', 'bus', 'trailer',
            'barrier', 'motorcycle', 'bicycle', 'pedestrian', 'traffic_cone'
        ],
        is_train=False),
    dict(
        type='LoadPointsFromFile',
        coord_type='LIDAR',
        load_dim=5,
        use_dim=5,
        file_client_args=dict(backend='disk')),
    dict(type='LoadOccGTFromFile'),
    dict(
        type='MultiScaleFlipAug3D',
        img_scale=(1333, 800),
        pts_scale_ratio=1,
        flip=False,
        transforms=[
            dict(
                type='DefaultFormatBundle3D',
                class_names=[
                    'car', 'truck', 'construction_vehicle', 'bus', 'trailer',
                    'barrier', 'motorcycle', 'bicycle', 'pedestrian',
                    'traffic_cone'
                ],
                with_label=False),
            dict(
                type='Collect3D',
                keys=[
                    'points', 'img_inputs', 'voxel_semantics', 'mask_lidar',
                    'mask_camera'
                ])
        ])
]
eval_pipeline = [
    dict(
        type='LoadPointsFromFile',
        coord_type='LIDAR',
        load_dim=5,
        use_dim=5,
        file_client_args=dict(backend='disk')),
    dict(
        type='LoadPointsFromMultiSweeps',
        sweeps_num=10,
        file_client_args=dict(backend='disk')),
    dict(
        type='DefaultFormatBundle3D',
        class_names=[
            'car', 'truck', 'trailer', 'bus', 'construction_vehicle',
            'bicycle', 'motorcycle', 'pedestrian', 'traffic_cone', 'barrier'
        ],
        with_label=False),
    dict(type='Collect3D', keys=['points'])
]
data = dict(
    samples_per_gpu=4,
    workers_per_gpu=4,
    train=dict(
        type='NuScenesDatasetOccpancy',
        data_root='data/nuscenes/',
        ann_file='data/nuscenes/bevdetv2-nuscenes_infos_train_seg.pkl',
        pipeline=[
            dict(
                type='PrepareImageInputs',
                is_train=True,
                data_config=dict(
                    cams=[
                        'CAM_FRONT_LEFT', 'CAM_FRONT', 'CAM_FRONT_RIGHT',
                        'CAM_BACK_LEFT', 'CAM_BACK', 'CAM_BACK_RIGHT'
                    ],
                    Ncams=6,
                    input_size=(256, 704),
                    src_size=(900, 1600),
                    resize=(-0.06, 0.11),
                    rot=(-5.4, 5.4),
                    flip=True,
                    crop_h=(0.0, 0.0),
                    resize_test=0.0),
                sequential=True),
            dict(
                type='LoadAnnotationsBEVDepth',
                bda_aug_conf=dict(
                    rot_lim=(-0.0, 0.0),
                    scale_lim=(1.0, 1.0),
                    flip_dx_ratio=0.5,
                    flip_dy_ratio=0.5),
                classes=[
                    'car', 'truck', 'construction_vehicle', 'bus', 'trailer',
                    'barrier', 'motorcycle', 'bicycle', 'pedestrian',
                    'traffic_cone'
                ],
                is_train=True),
            dict(type='LoadOccGTFromFile', ignore_nonvisible=True),
            dict(
                type='LoadPointsFromFile',
                coord_type='LIDAR',
                load_dim=5,
                use_dim=5,
                file_client_args=dict(backend='disk')),
            dict(
                type='PointToMultiViewDepth',
                downsample=1,
                grid_config=dict(
                    x=[-40, 40, 0.4],
                    y=[-40, 40, 0.4],
                    z=[-1, 5.4, 0.4],
                    depth=[1.0, 45.0, 0.5])),
            dict(
                type='DefaultFormatBundle3D',
                class_names=[
                    'car', 'truck', 'construction_vehicle', 'bus', 'trailer',
                    'barrier', 'motorcycle', 'bicycle', 'pedestrian',
                    'traffic_cone'
                ]),
            dict(
                type='Collect3D',
                keys=[
                    'img_inputs', 'gt_depth', 'voxel_semantics', 'mask_lidar',
                    'mask_camera'
                ])
        ],
        classes=[
            'car', 'truck', 'construction_vehicle', 'bus', 'trailer',
            'barrier', 'motorcycle', 'bicycle', 'pedestrian', 'traffic_cone'
        ],
        modality=dict(
            use_lidar=False,
            use_camera=True,
            use_radar=False,
            use_map=False,
            use_external=False),
        test_mode=False,
        box_type_3d='LiDAR',
        use_valid_flag=True,
        stereo=False,
        filter_empty_gt=False,
        img_info_prototype='bevdet4d',
        multi_adj_frame_id_cfg=(1, 1, 1)),
    val=dict(
        type='NuScenesDatasetOccpancy',
        data_root='data/nuscenes/',
        ann_file='data/nuscenes/bevdetv2-nuscenes_infos_val_seg.pkl',
        pipeline=[
            dict(
                type='PrepareImageInputs',
                data_config=dict(
                    cams=[
                        'CAM_FRONT_LEFT', 'CAM_FRONT', 'CAM_FRONT_RIGHT',
                        'CAM_BACK_LEFT', 'CAM_BACK', 'CAM_BACK_RIGHT'
                    ],
                    Ncams=6,
                    input_size=(256, 704),
                    src_size=(900, 1600),
                    resize=(-0.06, 0.11),
                    rot=(-5.4, 5.4),
                    flip=True,
                    crop_h=(0.0, 0.0),
                    resize_test=0.0),
                sequential=False),
            dict(
                type='LoadAnnotationsBEVDepth',
                bda_aug_conf=dict(
                    rot_lim=(-0.0, 0.0),
                    scale_lim=(1.0, 1.0),
                    flip_dx_ratio=0.5,
                    flip_dy_ratio=0.5),
                classes=[
                    'car', 'truck', 'construction_vehicle', 'bus', 'trailer',
                    'barrier', 'motorcycle', 'bicycle', 'pedestrian',
                    'traffic_cone'
                ],
                is_train=False),
            dict(
                type='LoadPointsFromFile',
                coord_type='LIDAR',
                load_dim=5,
                use_dim=5,
                file_client_args=dict(backend='disk')),
            dict(type='LoadOccGTFromFile'),
            dict(
                type='MultiScaleFlipAug3D',
                img_scale=(1333, 800),
                pts_scale_ratio=1,
                flip=False,
                transforms=[
                    dict(
                        type='DefaultFormatBundle3D',
                        class_names=[
                            'car', 'truck', 'construction_vehicle', 'bus',
                            'trailer', 'barrier', 'motorcycle', 'bicycle',
                            'pedestrian', 'traffic_cone'
                        ],
                        with_label=False),
                    dict(
                        type='Collect3D',
                        keys=[
                            'points', 'img_inputs', 'voxel_semantics',
                            'mask_lidar', 'mask_camera'
                        ])
                ])
        ],
        classes=[
            'car', 'truck', 'construction_vehicle', 'bus', 'trailer',
            'barrier', 'motorcycle', 'bicycle', 'pedestrian', 'traffic_cone'
        ],
        modality=dict(
            use_lidar=False,
            use_camera=True,
            use_radar=False,
            use_map=False,
            use_external=False),
        test_mode=True,
        box_type_3d='LiDAR',
        stereo=False,
        filter_empty_gt=False,
        img_info_prototype='bevdet4d',
        multi_adj_frame_id_cfg=(1, 1, 1)),
    test=dict(
        type='NuScenesDatasetOccpancy',
        data_root='data/nuscenes/',
        ann_file='data/nuscenes/bevdetv2-nuscenes_infos_val_seg.pkl',
        pipeline=[
            dict(
                type='PrepareImageInputs',
                data_config=dict(
                    cams=[
                        'CAM_FRONT_LEFT', 'CAM_FRONT', 'CAM_FRONT_RIGHT',
                        'CAM_BACK_LEFT', 'CAM_BACK', 'CAM_BACK_RIGHT'
                    ],
                    Ncams=6,
                    input_size=(256, 704),
                    src_size=(900, 1600),
                    resize=(-0.06, 0.11),
                    rot=(-5.4, 5.4),
                    flip=True,
                    crop_h=(0.0, 0.0),
                    resize_test=0.0),
                sequential=False),
            dict(
                type='LoadAnnotationsBEVDepth',
                bda_aug_conf=dict(
                    rot_lim=(-0.0, 0.0),
                    scale_lim=(1.0, 1.0),
                    flip_dx_ratio=0.5,
                    flip_dy_ratio=0.5),
                classes=[
                    'car', 'truck', 'construction_vehicle', 'bus', 'trailer',
                    'barrier', 'motorcycle', 'bicycle', 'pedestrian',
                    'traffic_cone'
                ],
                is_train=False),
            dict(
                type='LoadPointsFromFile',
                coord_type='LIDAR',
                load_dim=5,
                use_dim=5,
                file_client_args=dict(backend='disk')),
            dict(type='LoadOccGTFromFile'),
            dict(
                type='MultiScaleFlipAug3D',
                img_scale=(1333, 800),
                pts_scale_ratio=1,
                flip=False,
                transforms=[
                    dict(
                        type='DefaultFormatBundle3D',
                        class_names=[
                            'car', 'truck', 'construction_vehicle', 'bus',
                            'trailer', 'barrier', 'motorcycle', 'bicycle',
                            'pedestrian', 'traffic_cone'
                        ],
                        with_label=False),
                    dict(
                        type='Collect3D',
                        keys=[
                            'points', 'img_inputs', 'voxel_semantics',
                            'mask_lidar', 'mask_camera'
                        ])
                ])
        ],
        classes=[
            'car', 'truck', 'construction_vehicle', 'bus', 'trailer',
            'barrier', 'motorcycle', 'bicycle', 'pedestrian', 'traffic_cone'
        ],
        modality=dict(
            use_lidar=False,
            use_camera=True,
            use_radar=False,
            use_map=False,
            use_external=False),
        test_mode=True,
        box_type_3d='LiDAR',
        stereo=False,
        filter_empty_gt=False,
        img_info_prototype='bevdet4d',
        multi_adj_frame_id_cfg=(1, 1, 1)))
evaluation = dict(
    interval=1,
    pipeline=[
        dict(
            type='PrepareImageInputs',
            data_config=dict(
                cams=[
                    'CAM_FRONT_LEFT', 'CAM_FRONT', 'CAM_FRONT_RIGHT',
                    'CAM_BACK_LEFT', 'CAM_BACK', 'CAM_BACK_RIGHT'
                ],
                Ncams=6,
                input_size=(256, 704),
                src_size=(900, 1600),
                resize=(-0.06, 0.11),
                rot=(-5.4, 5.4),
                flip=True,
                crop_h=(0.0, 0.0),
                resize_test=0.0),
            sequential=False),
        dict(
            type='LoadAnnotationsBEVDepth',
            bda_aug_conf=dict(
                rot_lim=(-0.0, 0.0),
                scale_lim=(1.0, 1.0),
                flip_dx_ratio=0.5,
                flip_dy_ratio=0.5),
            classes=[
                'car', 'truck', 'construction_vehicle', 'bus', 'trailer',
                'barrier', 'motorcycle', 'bicycle', 'pedestrian',
                'traffic_cone'
            ],
            is_train=False),
        dict(
            type='LoadPointsFromFile',
            coord_type='LIDAR',
            load_dim=5,
            use_dim=5,
            file_client_args=dict(backend='disk')),
        dict(type='LoadOccGTFromFile'),
        dict(
            type='MultiScaleFlipAug3D',
            img_scale=(1333, 800),
            pts_scale_ratio=1,
            flip=False,
            transforms=[
                dict(
                    type='DefaultFormatBundle3D',
                    class_names=[
                        'car', 'truck', 'construction_vehicle', 'bus',
                        'trailer', 'barrier', 'motorcycle', 'bicycle',
                        'pedestrian', 'traffic_cone'
                    ],
                    with_label=False),
                dict(
                    type='Collect3D',
                    keys=[
                        'points', 'img_inputs', 'voxel_semantics',
                        'mask_lidar', 'mask_camera'
                    ])
            ])
    ],
    start=24)
checkpoint_config = dict(interval=1, max_keep_ckpts=5)
log_config = dict(
    interval=50,
    hooks=[dict(type='TextLoggerHook'),
           dict(type='TensorboardLoggerHook')])
dist_params = dict(backend='nccl')
log_level = 'INFO'
work_dir = './debug'
load_from = None
resume_from = None
workflow = [('train', 1)]
opencv_num_threads = 0
mp_start_method = 'fork'
plugin = True
plugin_dir = 'projects/mmdet3d_plugin/'
data_config = dict(
    cams=[
        'CAM_FRONT_LEFT', 'CAM_FRONT', 'CAM_FRONT_RIGHT', 'CAM_BACK_LEFT',
        'CAM_BACK', 'CAM_BACK_RIGHT'
    ],
    Ncams=6,
    input_size=(256, 704),
    src_size=(900, 1600),
    resize=(-0.06, 0.11),
    rot=(-5.4, 5.4),
    flip=True,
    crop_h=(0.0, 0.0),
    resize_test=0.0)
grid_config = dict(
    x=[-40, 40, 0.4],
    y=[-40, 40, 0.4],
    z=[-1, 5.4, 0.4],
    depth=[1.0, 45.0, 0.5])
voxel_size = [0.1, 0.1, 0.2]
numC_Trans = 32
multi_adj_frame_id_cfg = (1, 1, 1)
numC_Trans_cat = 0
model = dict(
    type='BEVDepth4D_MTL',
    align_after_view_transfromation=False,
    num_adj=0,
    img_backbone=dict(
        type='ResNet',
        depth=50,
        num_stages=4,
        out_indices=(2, 3),
        frozen_stages=-1,
        norm_cfg=dict(type='BN', requires_grad=True),
        norm_eval=False,
        with_cp=True,
        style='pytorch',
        pretrained='torchvision://resnet50'),
    img_neck=dict(
        type='CustomFPN',
        in_channels=[1024, 2048],
        out_channels=256,
        num_outs=1,
        start_level=0,
        out_ids=[0]),
    img_view_transformer=dict(
        type='LSSViewTransformerBEVDepth',
        grid_config=dict(
            x=[-40, 40, 0.4],
            y=[-40, 40, 0.4],
            z=[-1, 5.4, 0.4],
            depth=[1.0, 45.0, 0.5]),
        input_size=(256, 704),
        in_channels=256,
        out_channels=32,
        sid=False,
        collapse_z=False,
        downsample=16,
        depthnet_cfg=dict(use_dcn=False, aspp_mid_channels=96)),
    img_bev_encoder_backbone=dict(
        type='CustomResNet3D',
        numC_input=32,
        num_layer=[1, 2, 4],
        with_cp=False,
        num_channels=[32, 64, 128],
        stride=[1, 2, 2],
        backbone_output_ids=[0, 1, 2]),
    img_bev_encoder_neck=dict(
        type='LSSFPN3D', in_channels=224, out_channels=32),
    img_bev_encoder=dict(
        type='CustomTriRes',
        img_bev_encoder_backbone=dict(
            type='CustomResNet', numC_input=32, num_channels=[32, 64, 128]),
        img_bev_encoder_neck=dict(
            type='FPN_LSS', in_channels=224, out_channels=32),
        grid_config=dict(
            x=[-40, 40, 0.4],
            y=[-40, 40, 0.4],
            z=[-1, 5.4, 0.4],
            depth=[1.0, 45.0, 0.5])),
    occ_head=dict(
        type='BEVOCCHead2D',
        channel_down_for_3d=512,
        in_dim=256,
        out_dim=256,
        Dz=16,
        use_mask=True,
        num_classes=18,
        use_predicter=True,
        class_wise=False,
        loss_occ=dict(
            type='CrossEntropyLoss',
            use_sigmoid=False,
            ignore_index=255,
            loss_weight=1.0),
        sololoss=True,
        loss_weight=10),
    det_loss_weight=1,
    occ_loss_weight=1,
    seg_loss_weight=1.0)
bda_aug_conf = dict(
    rot_lim=(-0.0, 0.0),
    scale_lim=(1.0, 1.0),
    flip_dx_ratio=0.5,
    flip_dy_ratio=0.5)
share_data_config = dict(
    type='NuScenesDatasetOccpancy',
    data_root='data/nuscenes/',
    classes=[
        'car', 'truck', 'construction_vehicle', 'bus', 'trailer', 'barrier',
        'motorcycle', 'bicycle', 'pedestrian', 'traffic_cone'
    ],
    modality=dict(
        use_lidar=False,
        use_camera=True,
        use_radar=False,
        use_map=False,
        use_external=False),
    stereo=False,
    filter_empty_gt=False,
    img_info_prototype='bevdet4d',
    multi_adj_frame_id_cfg=(1, 1, 1))
test_data_config = dict(
    pipeline=[
        dict(
            type='PrepareImageInputs',
            data_config=dict(
                cams=[
                    'CAM_FRONT_LEFT', 'CAM_FRONT', 'CAM_FRONT_RIGHT',
                    'CAM_BACK_LEFT', 'CAM_BACK', 'CAM_BACK_RIGHT'
                ],
                Ncams=6,
                input_size=(256, 704),
                src_size=(900, 1600),
                resize=(-0.06, 0.11),
                rot=(-5.4, 5.4),
                flip=True,
                crop_h=(0.0, 0.0),
                resize_test=0.0),
            sequential=False),
        dict(
            type='LoadAnnotationsBEVDepth',
            bda_aug_conf=dict(
                rot_lim=(-0.0, 0.0),
                scale_lim=(1.0, 1.0),
                flip_dx_ratio=0.5,
                flip_dy_ratio=0.5),
            classes=[
                'car', 'truck', 'construction_vehicle', 'bus', 'trailer',
                'barrier', 'motorcycle', 'bicycle', 'pedestrian',
                'traffic_cone'
            ],
            is_train=False),
        dict(
            type='LoadPointsFromFile',
            coord_type='LIDAR',
            load_dim=5,
            use_dim=5,
            file_client_args=dict(backend='disk')),
        dict(type='LoadOccGTFromFile'),
        dict(
            type='MultiScaleFlipAug3D',
            img_scale=(1333, 800),
            pts_scale_ratio=1,
            flip=False,
            transforms=[
                dict(
                    type='DefaultFormatBundle3D',
                    class_names=[
                        'car', 'truck', 'construction_vehicle', 'bus',
                        'trailer', 'barrier', 'motorcycle', 'bicycle',
                        'pedestrian', 'traffic_cone'
                    ],
                    with_label=False),
                dict(
                    type='Collect3D',
                    keys=[
                        'points', 'img_inputs', 'voxel_semantics',
                        'mask_lidar', 'mask_camera'
                    ])
            ])
    ],
    ann_file='data/nuscenes/bevdetv2-nuscenes_infos_val_seg.pkl',
    type='NuScenesDatasetOccpancy',
    data_root='data/nuscenes/',
    classes=[
        'car', 'truck', 'construction_vehicle', 'bus', 'trailer', 'barrier',
        'motorcycle', 'bicycle', 'pedestrian', 'traffic_cone'
    ],
    modality=dict(
        use_lidar=False,
        use_camera=True,
        use_radar=False,
        use_map=False,
        use_external=False),
    stereo=False,
    filter_empty_gt=False,
    img_info_prototype='bevdet4d',
    multi_adj_frame_id_cfg=(1, 1, 1))
key = 'test'
optimizer = dict(type='AdamW', lr=0.0001, weight_decay=0.01)
optimizer_config = dict(grad_clip=dict(max_norm=5, norm_type=2))
lr_config = dict(
    policy='step',
    warmup='linear',
    warmup_iters=200,
    warmup_ratio=0.001,
    step=[24])
runner = dict(type='EpochBasedRunner', max_epochs=24)
custom_hooks = [
    dict(type='MEGVIIEMAHook', init_updates=10560, priority='NORMAL')
]
gpu_ids = range(0, 1)

2024-04-04 16:57:46,205 - mmdet - INFO - Set random seed to 0, deterministic: False
